<?xml version="1.0" encoding="UTF-8"?>
<!-- Generated by org.testng.reporters.JUnitReportReporter -->
<testsuite hostname="DESKTOP-1KS41F8" failures="0" tests="1" name="testcases.TC001" time="44.938" errors="0" timestamp="11 Sep 2018 12:06:47 GMT" skipped="0">
  <testcase classname="testcases.TC001" name="testCase1" time="44.938"/>
</testsuite> <!-- testcases.TC001 -->
