<?xml version="1.0" encoding="UTF-8"?>
<!-- Generated by org.testng.reporters.JUnitReportReporter -->
<testsuite hostname="DESKTOP-1KS41F8" failures="0" tests="1" name="testcases.TC002" time="27.834" errors="0" timestamp="11 Sep 2018 12:26:26 GMT" skipped="0">
  <testcase classname="testcases.TC002" name="testCase2" time="27.834"/>
</testsuite> <!-- testcases.TC002 -->
